\BOOKMARK [1][-]{section.1}{CLUSTER SIZE}{}% 1
\BOOKMARK [2][-]{subsection.1.1}{Onebody probabilities}{section.1}% 2
\BOOKMARK [2][-]{subsection.1.2}{Cluster number density}{section.1}% 3
\BOOKMARK [2][-]{subsection.1.3}{Normalization of the cluster number density}{section.1}% 4
\BOOKMARK [2][-]{subsection.1.4}{Average length of a cluster}{section.1}% 5
\BOOKMARK [1][-]{section.2}{ELECTRON GAS IN A MAGNETIC FIELD}{}% 6
\BOOKMARK [2][-]{subsection.2.1}{Average number of particles}{section.2}% 7
\BOOKMARK [2][-]{subsection.2.2}{Average magnetization}{section.2}% 8
\BOOKMARK [2][-]{subsection.2.3}{Susceptibility}{section.2}% 9
\BOOKMARK [1][-]{section.3}{QUANTUM COULOMB GAS}{}% 10
\BOOKMARK [2][-]{subsection.3.1}{Schr\366dinger equation}{section.3}% 11
\BOOKMARK [2][-]{subsection.3.2}{Scaling}{section.3}% 12
\BOOKMARK [2][-]{subsection.3.3}{Connection between V and T3}{section.3}% 13
\BOOKMARK [2][-]{subsection.3.4}{Energy and pressure relation}{section.3}% 14
\BOOKMARK [2][-]{subsection.3.5}{Non-relativistic gas}{section.3}% 15
\BOOKMARK [1][-]{section.4}{NON-INTERACTING FERMIONS}{}% 16
\BOOKMARK [2][-]{subsection.4.1}{Joint probability}{section.4}% 17
\BOOKMARK [2][-]{subsection.4.2}{Average occupation number}{section.4}% 18
\BOOKMARK [2][-]{subsection.4.3}{Maximum entropy of random variable}{section.4}% 19
\BOOKMARK [2][-]{subsection.4.4}{Entropy of fermi gas}{section.4}% 20
\BOOKMARK [1][-]{section.5}{Appendix}{}% 21
