This is pdfTeX, Version 3.14159265-2.6-1.40.17 (TeX Live 2016/Debian) (preloaded format=pdflatex 2017.10.30)  4 NOV 2017 15:41
entering extended mode
 restricted \write18 enabled.
 %&-line parsing enabled.
**article_2.tex
(./article_2.tex
LaTeX2e <2017/01/01> patch level 3
Babel <3.9r> and hyphenation patterns for 4 language(s) loaded.
(./comjnl.cls
Document Class: comjnl 2009/07/27 v0.1c The Computer Journal class (DPC)
(/usr/share/texlive/texmf-dist/tex/latex/base/article.cls
Document Class: article 2014/09/29 v1.4h Standard LaTeX document class
(/usr/share/texlive/texmf-dist/tex/latex/base/size10.clo
File: size10.clo 2014/09/29 v1.4h Standard LaTeX file (size option)
)
\c@part=\count79
\c@section=\count80
\c@subsection=\count81
\c@subsubsection=\count82
\c@paragraph=\count83
\c@subparagraph=\count84
\c@figure=\count85
\c@table=\count86
\abovecaptionskip=\skip41
\belowcaptionskip=\skip42
\bibindent=\dimen102
)
(/usr/share/texlive/texmf-dist/tex/latex/graphics/rotating.sty
Package: rotating 2016/08/11 v2.16d rotated objects in LaTeX

(/usr/share/texlive/texmf-dist/tex/latex/graphics/graphicx.sty
Package: graphicx 2014/10/28 v1.0g Enhanced LaTeX Graphics (DPC,SPQR)

(/usr/share/texlive/texmf-dist/tex/latex/graphics/keyval.sty
Package: keyval 2014/10/28 v1.15 key=value parser (DPC)
\KV@toks@=\toks14
)
(/usr/share/texlive/texmf-dist/tex/latex/graphics/graphics.sty
Package: graphics 2016/10/09 v1.0u Standard LaTeX Graphics (DPC,SPQR)

(/usr/share/texlive/texmf-dist/tex/latex/graphics/trig.sty
Package: trig 2016/01/03 v1.10 sin cos tan (DPC)
)
(/usr/share/texlive/texmf-dist/tex/latex/graphics-cfg/graphics.cfg
File: graphics.cfg 2016/06/04 v1.11 sample graphics configuration
)
Package graphics Info: Driver file: pdftex.def on input line 99.

(/usr/share/texlive/texmf-dist/tex/latex/graphics-def/pdftex.def
File: pdftex.def 2017/01/12 v0.06k Graphics/color for pdfTeX

(/usr/share/texlive/texmf-dist/tex/generic/oberdiek/infwarerr.sty
Package: infwarerr 2016/05/16 v1.4 Providing info/warning/error messages (HO)
)
(/usr/share/texlive/texmf-dist/tex/generic/oberdiek/ltxcmds.sty
Package: ltxcmds 2016/05/16 v1.23 LaTeX kernel commands for general use (HO)
)
\Gread@gobject=\count87
))
\Gin@req@height=\dimen103
\Gin@req@width=\dimen104
)
(/usr/share/texlive/texmf-dist/tex/latex/base/ifthen.sty
Package: ifthen 2014/09/29 v1.1c Standard LaTeX ifthen package (DPC)
)
\c@r@tfl@t=\count88
\rotFPtop=\skip43
\rotFPbot=\skip44
\rot@float@box=\box26
\rot@mess@toks=\toks15
)
\c@affil=\count89
\c@remaffil=\count90
\absbox=\box27

(/usr/share/texlive/texmf-dist/tex/latex/amscls/amsthm.sty
Package: amsthm 2015/03/04 v2.20.2
\thm@style=\toks16
\thm@bodyfont=\toks17
\thm@headfont=\toks18
\thm@notefont=\toks19
\thm@headpunct=\toks20
\thm@preskip=\skip45
\thm@postskip=\skip46
\thm@headsep=\skip47
\dth@everypar=\toks21
)
\c@definition=\count91
\c@lemma=\count92
\c@proposition=\count93
\c@corollary=\count94
\c@axiom=\count95
\c@remark=\count96
\c@example=\count97
\c@algorithm=\count98
\c@theorem=\count99
LaTeX Info: Redefining \rm on input line 468.
LaTeX Info: Redefining \sf on input line 469.
LaTeX Info: Redefining \tt on input line 470.
LaTeX Info: Redefining \bf on input line 471.
LaTeX Info: Redefining \it on input line 472.
LaTeX Info: Redefining \sl on input line 473.
LaTeX Info: Redefining \sc on input line 474.
LaTeX Info: Redefining \cal on input line 475.
LaTeX Info: Redefining \mit on input line 476.
)
(/usr/share/texlive/texmf-dist/tex/latex/graphics/epsfig.sty
Package: epsfig 1999/02/16 v1.7a (e)psfig emulation (SPQR)
\epsfxsize=\dimen105
\epsfysize=\dimen106
)
(/usr/share/texlive/texmf-dist/tex/latex/amsmath/amsmath.sty
Package: amsmath 2016/11/05 v2.16a AMS math features
\@mathmargin=\skip48

For additional information on amsmath, use the `?' option.
(/usr/share/texlive/texmf-dist/tex/latex/amsmath/amstext.sty
Package: amstext 2000/06/29 v2.01 AMS text

(/usr/share/texlive/texmf-dist/tex/latex/amsmath/amsgen.sty
File: amsgen.sty 1999/11/30 v2.0 generic functions
\@emptytoks=\toks22
\ex@=\dimen107
))
(/usr/share/texlive/texmf-dist/tex/latex/amsmath/amsbsy.sty
Package: amsbsy 1999/11/29 v1.2d Bold Symbols
\pmbraise@=\dimen108
)
(/usr/share/texlive/texmf-dist/tex/latex/amsmath/amsopn.sty
Package: amsopn 2016/03/08 v2.02 operator names
)
\inf@bad=\count100
LaTeX Info: Redefining \frac on input line 213.
\uproot@=\count101
\leftroot@=\count102
LaTeX Info: Redefining \overline on input line 375.
\classnum@=\count103
\DOTSCASE@=\count104
LaTeX Info: Redefining \ldots on input line 472.
LaTeX Info: Redefining \dots on input line 475.
LaTeX Info: Redefining \cdots on input line 596.
\Mathstrutbox@=\box28
\strutbox@=\box29
\big@size=\dimen109
LaTeX Font Info:    Redeclaring font encoding OML on input line 712.
LaTeX Font Info:    Redeclaring font encoding OMS on input line 713.
\macc@depth=\count105
\c@MaxMatrixCols=\count106
\dotsspace@=\muskip10
\c@parentequation=\count107
\dspbrk@lvl=\count108
\tag@help=\toks23
\row@=\count109
\column@=\count110
\maxfields@=\count111
\andhelp@=\toks24
\eqnshift@=\dimen110
\alignsep@=\dimen111
\tagshift@=\dimen112
\tagwidth@=\dimen113
\totwidth@=\dimen114
\lineht@=\dimen115
\@envbody=\toks25
\multlinegap=\skip49
\multlinetaggap=\skip50
\mathdisplay@stack=\toks26
LaTeX Info: Redefining \[ on input line 2817.
LaTeX Info: Redefining \] on input line 2818.
) (./article_2.aux)
\openout1 = `article_2.aux'.

LaTeX Font Info:    Checking defaults for OML/cmm/m/it on input line 12.
LaTeX Font Info:    ... okay on input line 12.
LaTeX Font Info:    Checking defaults for T1/cmr/m/n on input line 12.
LaTeX Font Info:    ... okay on input line 12.
LaTeX Font Info:    Checking defaults for OT1/cmr/m/n on input line 12.
LaTeX Font Info:    ... okay on input line 12.
LaTeX Font Info:    Checking defaults for OMS/cmsy/m/n on input line 12.
LaTeX Font Info:    ... okay on input line 12.
LaTeX Font Info:    Checking defaults for OMX/cmex/m/n on input line 12.
LaTeX Font Info:    ... okay on input line 12.
LaTeX Font Info:    Checking defaults for U/cmr/m/n on input line 12.
LaTeX Font Info:    ... okay on input line 12.
(/usr/share/texlive/texmf-dist/tex/context/base/mkii/supp-pdf.mkii
[Loading MPS to PDF converter (version 2006.09.02).]
\scratchcounter=\count112
\scratchdimen=\dimen116
\scratchbox=\box30
\nofMPsegments=\count113
\nofMParguments=\count114
\everyMPshowfont=\toks27
\MPscratchCnt=\count115
\MPscratchDim=\dimen117
\MPnumerator=\count116
\makeMPintoPDFobject=\count117
\everyMPtoPDFconversion=\toks28
) (/usr/share/texlive/texmf-dist/tex/generic/oberdiek/pdftexcmds.sty
Package: pdftexcmds 2016/05/21 v0.22 Utility functions of pdfTeX for LuaTeX (HO
)

(/usr/share/texlive/texmf-dist/tex/generic/oberdiek/ifluatex.sty
Package: ifluatex 2016/05/16 v1.4 Provides the ifluatex switch (HO)
Package ifluatex Info: LuaTeX not detected.
)
(/usr/share/texlive/texmf-dist/tex/generic/oberdiek/ifpdf.sty
Package: ifpdf 2016/05/14 v3.1 Provides the ifpdf switch
)
Package pdftexcmds Info: LuaTeX not detected.
Package pdftexcmds Info: \pdf@primitive is available.
Package pdftexcmds Info: \pdf@ifprimitive is available.
Package pdftexcmds Info: \pdfdraftmode found.
)
(/usr/share/texlive/texmf-dist/tex/latex/oberdiek/epstopdf-base.sty
Package: epstopdf-base 2016/05/15 v2.6 Base part for package epstopdf

(/usr/share/texlive/texmf-dist/tex/latex/oberdiek/grfext.sty
Package: grfext 2016/05/16 v1.2 Manage graphics extensions (HO)

(/usr/share/texlive/texmf-dist/tex/generic/oberdiek/kvdefinekeys.sty
Package: kvdefinekeys 2016/05/16 v1.4 Define keys (HO)
))
(/usr/share/texlive/texmf-dist/tex/latex/oberdiek/kvoptions.sty
Package: kvoptions 2016/05/16 v3.12 Key value format for package options (HO)

(/usr/share/texlive/texmf-dist/tex/generic/oberdiek/kvsetkeys.sty
Package: kvsetkeys 2016/05/16 v1.17 Key value parser (HO)

(/usr/share/texlive/texmf-dist/tex/generic/oberdiek/etexcmds.sty
Package: etexcmds 2016/05/16 v1.6 Avoid name clashes with e-TeX commands (HO)
Package etexcmds Info: Could not find \expanded.
(etexcmds)             That can mean that you are not using pdfTeX 1.50 or
(etexcmds)             that some package has redefined \expanded.
(etexcmds)             In the latter case, load this package earlier.
)))
Package epstopdf-base Info: Redefining graphics rule for `.eps' on input line 4
38.
Package grfext Info: Graphics extension search list:
(grfext)             [.png,.pdf,.jpg,.mps,.jpeg,.jbig2,.jb2,.PNG,.PDF,.JPG,.JPE
G,.JBIG2,.JB2,.eps]
(grfext)             \AppendGraphicsExtensions on input line 456.

(/usr/share/texlive/texmf-dist/tex/latex/latexconfig/epstopdf-sys.cfg
File: epstopdf-sys.cfg 2010/07/13 v1.3 Configuration of (r)epstopdf for TeX Liv
e
))
caffil not> 1

Class cj Warning: No accepted date.


LaTeX Warning: Citation `gelenbe06' on page 1 undefined on input line 72.


LaTeX Warning: Citation `gelenbe_inPress' on page 1 undefined on input line 80.



LaTeX Warning: Citation `Gelenbe-SoftwareViruses' on page 1 undefined on input 
line 86.


LaTeX Warning: Citation `Gelenbe07_DiffModelPacketTravel' on page 1 undefined o
n input line 89.


LaTeX Warning: Citation `Gelenbe_06_Workshop_TravelDelay' on page 1 undefined o
n input line 89.


LaTeX Warning: Citation `Gelenbe03_Sensible' on page 1 undefined on input line 
90.


Underfull \vbox (badness 10000) has occurred while \output is active []



LaTeX Warning: Citation `zeithammer06' on page 1 undefined on input line 103.


LaTeX Warning: Citation `gagliano_etal_95' on page 1 undefined on input line 10
5.


LaTeX Warning: Citation `maes99' on page 1 undefined on input line 109.


LaTeX Warning: Citation `Dobson_etal_06' on page 1 undefined on input line 122.



LaTeX Warning: Citation `Gelenbe_etal_Nagoya' on page 1 undefined on input line
 127.


LaTeX Warning: Citation `Gelenbe_Gellman_Su_ISCC03' on page 1 undefined on inpu
t line 127.


LaTeX Warning: Citation `Gelenbe-Gellman-Lent-Liu04' on page 1 undefined on inp
ut line 127.


LaTeX Warning: Citation `Gelenbe_01_CompNetw_CPN' on page 1 undefined on input 
line 134.


LaTeX Warning: Citation `Gelenbe_Mascots02' on page 1 undefined on input line 1
34.


LaTeX Warning: Citation `Gelenbe_Lent_Nunez_04' on page 1 undefined on input li
ne 134.


LaTeX Warning: Citation `Gelenbe_Liu06_workshop' on page 1 undefined on input l
ine 136.


LaTeX Warning: Citation `Gelenbe_Liu06_GeneticAlgorithmsRouteDiscovery' on page
 1 undefined on input line 136.


LaTeX Warning: Citation `Gelenbe-Lent_2004' on page 1 undefined on input line 1
39.


LaTeX Warning: Citation `gelenbe_sakellari_08' on page 1 undefined on input lin
e 142.


Underfull \vbox (badness 10000) has occurred while \output is active []

 [1{/var/lib/texmf/fonts/map/pdftex/updmap/pdftex.map}


]

LaTeX Warning: Citation `Gelenbe05_UsersServicesIntNetworks' on page 2 undefine
d on input line 148.


LaTeX Warning: Citation `ferdinando_etal08' on page 2 undefined on input line 1
51.


LaTeX Warning: Citation `Gelenbe_Loukas07_SelfAwareDoS' on page 2 undefined on 
input line 169.


LaTeX Warning: Citation `Loukas_Oke_07' on page 2 undefined on input line 171.


LaTeX Warning: Citation `Loukas_Oke_LikelihoodRatios' on page 2 undefined on in
put line 171.


LaTeX Warning: Citation `Oke_etal07' on page 2 undefined on input line 171.


LaTeX Warning: Citation `gelenbe06' on page 2 undefined on input line 174.


LaTeX Warning: Citation `gelenbe06' on page 2 undefined on input line 179.


LaTeX Warning: Citation `gelenbe06' on page 2 undefined on input line 210.


LaTeX Warning: Citation `gelenbe06' on page 2 undefined on input line 228.

[2]

LaTeX Warning: Citation `krishna02' on page 3 undefined on input line 245.

LaTeX Font Info:    Try loading font information for OMS+cmr on input line 270.

(/usr/share/texlive/texmf-dist/tex/latex/base/omscmr.fd
File: omscmr.fd 2014/09/29 v2.5h Standard LaTeX font definitions
)
LaTeX Font Info:    Font shape `OMS/cmr/m/n' in size <10> not available
(Font)              Font shape `OMS/cmsy/m/n' tried instead on input line 270.

Overfull \hbox (2.62157pt too wide) in paragraph at lines 343--343
[] 
 []


Underfull \vbox (badness 10000) has occurred while \output is active []

 [3]
[4]

LaTeX Warning: Citation `roth02' on page 5 undefined on input line 579.


LaTeX Warning: Citation `ockenfels06' on page 5 undefined on input line 579.


LaTeX Warning: Citation `bajari03' on page 5 undefined on input line 579.


LaTeX Warning: Citation `ockenfels06' on page 5 undefined on input line 597.


Overfull \hbox (4.85254pt too wide) in paragraph at lines 605--605
[][]\OT1/cmr/m/n/8 See \OT1/cmr/m/it/8 http://www.amazon.co.uk/gp/help/customer
/display.html
 []

[5]

LaTeX Warning: Citation `gelenbe06' on page 6 undefined on input line 713.

[6]
Overfull \hbox (1.20378pt too wide) in paragraph at lines 772--772
[] 
 []


Underfull \vbox (badness 10000) has occurred while \output is active []



LaTeX Warning: Citation `popenda87' on page 7 undefined on input line 777.


LaTeX Warning: Citation `mallik97' on page 7 undefined on input line 777.


LaTeX Warning: Citation `boese02' on page 7 undefined on input line 777.


LaTeX Warning: Citation `hillier64' on page 7 undefined on input line 852.

[7]
No file article_2.bbl.
[8] (./article_2.aux)

LaTeX Warning: There were undefined references.

 ) 
Here is how much of TeX's memory you used:
 2570 strings out of 494925
 34114 string characters out of 6180250
 110746 words of memory out of 5000000
 5833 multiletter control sequences out of 15000+600000
 11293 words of font info for 40 fonts, out of 8000000 for 9000
 16 hyphenation exceptions out of 8191
 41i,21n,25p,313b,239s stack positions out of 5000i,500n,10000p,200000b,80000s
</usr/share/texlive/texmf-dist/fonts/type1/public/amsfonts/cm/cmbx10.pfb></us
r/share/texlive/texmf-dist/fonts/type1/public/amsfonts/cm/cmbx9.pfb></usr/share
/texlive/texmf-dist/fonts/type1/public/amsfonts/cm/cmcsc10.pfb></usr/share/texl
ive/texmf-dist/fonts/type1/public/amsfonts/cm/cmex10.pfb></usr/share/texlive/te
xmf-dist/fonts/type1/public/amsfonts/cm/cmmi10.pfb></usr/share/texlive/texmf-di
st/fonts/type1/public/amsfonts/cm/cmmi5.pfb></usr/share/texlive/texmf-dist/font
s/type1/public/amsfonts/cm/cmmi7.pfb></usr/share/texlive/texmf-dist/fonts/type1
/public/amsfonts/cm/cmmi9.pfb></usr/share/texlive/texmf-dist/fonts/type1/public
/amsfonts/cm/cmr10.pfb></usr/share/texlive/texmf-dist/fonts/type1/public/amsfon
ts/cm/cmr17.pfb></usr/share/texlive/texmf-dist/fonts/type1/public/amsfonts/cm/c
mr5.pfb></usr/share/texlive/texmf-dist/fonts/type1/public/amsfonts/cm/cmr6.pfb>
</usr/share/texlive/texmf-dist/fonts/type1/public/amsfonts/cm/cmr7.pfb></usr/sh
are/texlive/texmf-dist/fonts/type1/public/amsfonts/cm/cmr8.pfb></usr/share/texl
ive/texmf-dist/fonts/type1/public/amsfonts/cm/cmr9.pfb></usr/share/texlive/texm
f-dist/fonts/type1/public/amsfonts/cm/cmsy10.pfb></usr/share/texlive/texmf-dist
/fonts/type1/public/amsfonts/cm/cmsy7.pfb></usr/share/texlive/texmf-dist/fonts/
type1/public/amsfonts/cm/cmsy9.pfb></usr/share/texlive/texmf-dist/fonts/type1/p
ublic/amsfonts/cm/cmti10.pfb></usr/share/texlive/texmf-dist/fonts/type1/public/
amsfonts/cm/cmti8.pfb></usr/share/texlive/texmf-dist/fonts/type1/public/amsfont
s/cm/cmti9.pfb>
Output written on article_2.pdf (8 pages, 299507 bytes).
PDF statistics:
 115 PDF objects out of 1000 (max. 8388607)
 83 compressed objects within 1 object stream
 0 named destinations out of 1000 (max. 500000)
 1 words of extra memory for PDF output out of 10000 (max. 10000000)

